2025-06-14 11:08:50 [INFO] app: 应用启动 - development环境 [in C:\Users\Nebula\OneDrive\文档\代码\Python\Dify_Code\app\config\config.py:99]
2025-06-14 11:08:50 [INFO] app: 日志级别: DEBUG [in C:\Users\Nebula\OneDrive\文档\代码\Python\Dify_Code\app\config\config.py:100]
2025-06-14 11:08:50 [INFO] app: 日志文件: logs/app.log [in C:\Users\Nebula\OneDrive\文档\代码\Python\Dify_Code\app\config\config.py:101]
2025-06-27 15:32:35 [INFO] app: 应用启动 - development环境 [in C:\Users\Nebula\OneDrive\文档\代码\Python\dify_dev\app\config\config.py:123]
2025-06-27 15:32:35 [INFO] app: 日志级别: INFO [in C:\Users\Nebula\OneDrive\文档\代码\Python\dify_dev\app\config\config.py:124]
2025-06-27 15:32:35 [INFO] app: 日志文件: logs/app.log [in C:\Users\Nebula\OneDrive\文档\代码\Python\dify_dev\app\config\config.py:125]
2025-06-27 15:32:35 [INFO] app: Excel导出成功: test_export_standard_recommendation.xlsx, 共导出 2 条记录 [in C:\Users\Nebula\OneDrive\文档\代码\Python\dify_dev\app\services\document_service.py:753]
2025-06-27 15:32:35 [INFO] app: Excel导出成功: test_export_standard_compliance.xlsx, 共导出 2 条记录 [in C:\Users\Nebula\OneDrive\文档\代码\Python\dify_dev\app\services\document_service.py:753]
2025-06-27 15:32:35 [INFO] app: Excel导出成功: test_export_standard_review.xlsx, 共导出 2 条记录 [in C:\Users\Nebula\OneDrive\文档\代码\Python\dify_dev\app\services\document_service.py:753]
2025-06-27 15:45:16 [INFO] app: 应用启动 - development环境 [in C:\Users\Nebula\OneDrive\文档\代码\Python\dify_dev\app\config\config.py:123]
2025-06-27 15:45:16 [INFO] app: 日志级别: INFO [in C:\Users\Nebula\OneDrive\文档\代码\Python\dify_dev\app\config\config.py:124]
2025-06-27 15:45:16 [INFO] app: 日志文件: logs/app.log [in C:\Users\Nebula\OneDrive\文档\代码\Python\dify_dev\app\config\config.py:125]
2025-06-27 15:45:17 [INFO] app: 找到字体文件: C:/Windows/Fonts/simhei.ttf [in C:\Users\Nebula\OneDrive\文档\代码\Python\dify_dev\app\services\document_service.py:483]
2025-06-27 15:45:17 [INFO] app: 正在注册系统字体: C:/Windows/Fonts/simhei.ttf [in C:\Users\Nebula\OneDrive\文档\代码\Python\dify_dev\app\services\document_service.py:262]
2025-06-27 15:45:17 [INFO] app: 中文字体注册成功: ChineseFont [in C:\Users\Nebula\OneDrive\文档\代码\Python\dify_dev\app\services\document_service.py:331]
2025-06-27 15:45:17 [INFO] app: PDF导出成功: test_clean_export.pdf [in C:\Users\Nebula\OneDrive\文档\代码\Python\dify_dev\app\services\document_service.py:393]
2025-06-27 15:46:15 [INFO] app: 应用启动 - development环境 [in C:\Users\Nebula\OneDrive\文档\代码\Python\dify_dev\app\config\config.py:123]
2025-06-27 15:46:15 [INFO] app: 日志级别: INFO [in C:\Users\Nebula\OneDrive\文档\代码\Python\dify_dev\app\config\config.py:124]
2025-06-27 15:46:15 [INFO] app: 日志文件: logs/app.log [in C:\Users\Nebula\OneDrive\文档\代码\Python\dify_dev\app\config\config.py:125]
2025-06-27 15:46:15 [INFO] app: 找到字体文件: C:/Windows/Fonts/simhei.ttf [in C:\Users\Nebula\OneDrive\文档\代码\Python\dify_dev\app\services\document_service.py:483]
2025-06-27 15:46:15 [INFO] app: 正在注册系统字体: C:/Windows/Fonts/simhei.ttf [in C:\Users\Nebula\OneDrive\文档\代码\Python\dify_dev\app\services\document_service.py:262]
2025-06-27 15:46:15 [INFO] app: 中文字体注册成功: ChineseFont [in C:\Users\Nebula\OneDrive\文档\代码\Python\dify_dev\app\services\document_service.py:331]
2025-06-27 15:46:15 [INFO] app: PDF导出成功: test_clean_export.pdf [in C:\Users\Nebula\OneDrive\文档\代码\Python\dify_dev\app\services\document_service.py:393]
2025-06-27 15:46:38 [INFO] app: 应用启动 - development环境 [in C:\Users\Nebula\OneDrive\文档\代码\Python\dify_dev\app\config\config.py:123]
2025-06-27 15:46:38 [INFO] app: 日志级别: INFO [in C:\Users\Nebula\OneDrive\文档\代码\Python\dify_dev\app\config\config.py:124]
2025-06-27 15:46:38 [INFO] app: 日志文件: logs/app.log [in C:\Users\Nebula\OneDrive\文档\代码\Python\dify_dev\app\config\config.py:125]
2025-06-27 15:46:38 [INFO] app: Excel导出成功: verify_export_standard_recommendation.xlsx, 共导出 1 条记录 [in C:\Users\Nebula\OneDrive\文档\代码\Python\dify_dev\app\services\document_service.py:685]
2025-06-27 15:46:38 [INFO] app: Excel导出成功: verify_export_standard_compliance.xlsx, 共导出 1 条记录 [in C:\Users\Nebula\OneDrive\文档\代码\Python\dify_dev\app\services\document_service.py:685]
2025-06-27 15:46:38 [INFO] app: Excel导出成功: verify_export_standard_review.xlsx, 共导出 1 条记录 [in C:\Users\Nebula\OneDrive\文档\代码\Python\dify_dev\app\services\document_service.py:685]
